<?xml version="1.0" encoding="utf-8"?><testsuites name="pytest tests"><testsuite name="pytest" errors="0" failures="0" skipped="0" tests="7" time="16.355" timestamp="2026-07-04T15:47:58.935619+00:00" hostname="agent-env-8d626961-5fb0-4ff9-bfac-7fe303cdef56"><testcase classname="backend.tests.test_deploy_verification" name="test_health" time="0.354" /><testcase classname="backend.tests.test_deploy_verification" name="test_register_returns_verify_url" time="3.156" /><testcase classname="backend.tests.test_deploy_verification" name="test_verify_email" time="1.637" /><testcase classname="backend.tests.test_deploy_verification" name="test_login" time="3.027" /><testcase classname="backend.tests.test_deploy_verification" name="test_me_with_cookie" time="1.641" /><testcase classname="backend.tests.test_deploy_verification" name="test_create_org" time="3.804" /><testcase classname="backend.tests.test_deploy_verification" name="test_get_secrets_masked" time="2.711" /></testsuite></testsuites>