<?xml version="1.0" encoding="utf-8"?><testsuites name="pytest tests"><testsuite name="pytest" errors="0" failures="0" skipped="0" tests="12" time="5.963" timestamp="2026-06-10T05:44:15.317282+00:00" hostname="agent-env-8d626961-5fb0-4ff9-bfac-7fe303cdef56"><testcase classname="backend.tests.test_intel_orgs.TestIntelScan" name="test_viewer_cannot_scan" time="1.246" /><testcase classname="backend.tests.test_intel_orgs.TestIntelScan" name="test_editor_no_key_returns_400" time="0.981" /><testcase classname="backend.tests.test_intel_orgs.TestIntelScan" name="test_invalid_key_job_errors" time="2.161" /><testcase classname="backend.tests.test_intel_orgs.TestIntelReports" name="test_list_includes_sample" time="0.037" /><testcase classname="backend.tests.test_intel_orgs.TestIntelReports" name="test_get_report_full" time="0.075" /><testcase classname="backend.tests.test_intel_orgs.TestIntelAddToPipeline" name="test_add_then_duplicate" time="0.277" /><testcase classname="backend.tests.test_intel_orgs.TestJoinCode" name="test_admin_get_code" time="0.034" /><testcase classname="backend.tests.test_intel_orgs.TestJoinCode" name="test_editor_blocked_from_get_code" time="0.057" /><testcase classname="backend.tests.test_intel_orgs.TestJoinCode" name="test_viewer_blocked_from_get_code" time="0.040" /><testcase classname="backend.tests.test_intel_orgs.TestJoinCode" name="test_rotate_changes_code" time="0.066" /><testcase classname="backend.tests.test_intel_orgs.TestOrgJoin" name="test_join_full_flow" time="0.823" /><testcase classname="backend.tests.test_intel_orgs.TestProfileCapabilities" name="test_capability_fields_persist" time="0.118" /></testsuite></testsuites>