<?xml version="1.0" encoding="utf-8"?><testsuites name="pytest tests"><testsuite name="pytest" errors="0" failures="0" skipped="0" tests="10" time="61.930" timestamp="2026-07-11T17:12:42.763486+00:00" hostname="agent-env-8d626961-5fb0-4ff9-bfac-7fe303cdef56"><testcase classname="backend.tests.test_capture_qualification.TestListDecorate" name="test_list_returns_seed_qa_opps" time="7.761" /><testcase classname="backend.tests.test_capture_qualification.TestListDecorate" name="test_row_has_all_derived_fields" time="3.579" /><testcase classname="backend.tests.test_capture_qualification.TestUpdatePersistence" name="test_update_new_capture_fields_persists" time="10.712" /><testcase classname="backend.tests.test_capture_qualification.TestScoringLogic" name="test_vehicle_gate_ineligible" time="4.166" /><testcase classname="backend.tests.test_capture_qualification.TestScoringLogic" name="test_watch_flag_makes_priority_watch" time="3.937" /><testcase classname="backend.tests.test_capture_qualification.TestScoringLogic" name="test_no_bid_becomes_pass" time="3.946" /><testcase classname="backend.tests.test_capture_qualification.TestScoringLogic" name="test_pwin_high_band" time="3.942" /><testcase classname="backend.tests.test_capture_qualification.TestScoringLogic" name="test_fit_override_effective_and_note" time="3.955" /><testcase classname="backend.tests.test_capture_qualification.TestProfileNewFields" name="test_put_profile_vehicles_nogo_prefrole" time="7.383" /><testcase classname="backend.tests.test_capture_qualification.TestCrudSanity" name="test_create_then_delete_no_serialization_error" time="12.502" /></testsuite></testsuites>