<?xml version="1.0" encoding="utf-8"?><testsuites name="pytest tests"><testsuite name="pytest" errors="0" failures="1" skipped="0" tests="12" time="18.166" timestamp="2026-07-18T18:50:17.302772+00:00" hostname="agent-env-8d626961-5fb0-4ff9-bfac-7fe303cdef56"><testcase classname="backend.tests.test_iter16_pricing_liquid.TestHealth" name="test_health_boot_state" time="0.621" /><testcase classname="backend.tests.test_iter16_pricing_liquid.TestCheckout" name="test_checkout_returns_stripe_url[oi_monthly]" time="3.997" /><testcase classname="backend.tests.test_iter16_pricing_liquid.TestCheckout" name="test_checkout_returns_stripe_url[oi_yearly]" time="2.027" /><testcase classname="backend.tests.test_iter16_pricing_liquid.TestCheckout" name="test_checkout_returns_stripe_url[full_monthly]" time="1.981" /><testcase classname="backend.tests.test_iter16_pricing_liquid.TestCheckout" name="test_checkout_returns_stripe_url[full_yearly]" time="2.013" /><testcase classname="backend.tests.test_iter16_pricing_liquid.TestStripeCatalog" name="test_price_amount[oi_yearly-48000]" time="0.371" /><testcase classname="backend.tests.test_iter16_pricing_liquid.TestStripeCatalog" name="test_price_amount[full_yearly-288000]" time="0.233" /><testcase classname="backend.tests.test_iter16_pricing_liquid.TestStripeCatalog" name="test_price_amount[oi_monthly-4999]" time="0.227" /><testcase classname="backend.tests.test_iter16_pricing_liquid.TestStripeCatalog" name="test_price_amount[full_monthly-9999]" time="0.231" /><testcase classname="backend.tests.test_iter16_pricing_liquid.TestTierGates" name="test_proposal_402" time="2.335" /><testcase classname="backend.tests.test_iter16_pricing_liquid.TestTierGates" name="test_files_402" time="1.755"><failure message="AssertionError: {&quot;detail&quot;:[{&quot;type&quot;:&quot;missing&quot;,&quot;loc&quot;:[&quot;body&quot;,&quot;file&quot;],&quot;msg&quot;:&quot;Field required&quot;,&quot;input&quot;:null}]}&#10;assert 422 == 402&#10; +  where 422 = &lt;Response [422]&gt;.status_code">backend/tests/test_iter16_pricing_liquid.py:118: in test_files_402
    assert r.status_code == 402, r.text
E   AssertionError: {"detail":[{"type":"missing","loc":["body","file"],"msg":"Field required","input":null}]}
E   assert 422 == 402
E    +  where 422 = &lt;Response [422]&gt;.status_code</failure></testcase><testcase classname="backend.tests.test_iter16_pricing_liquid.TestTierGates" name="test_ai_chat_402" time="2.323" /></testsuite></testsuites>