<?xml version="1.0" encoding="utf-8"?><testsuites name="pytest tests"><testsuite name="pytest" errors="0" failures="0" skipped="0" tests="9" time="26.819" timestamp="2026-07-18T18:08:27.891111+00:00" hostname="agent-env-8d626961-5fb0-4ff9-bfac-7fe303cdef56"><testcase classname="backend.tests.test_iter15_deploy_hardening.TestHealthBootState" name="test_health_200_with_boot_state" time="0.858" /><testcase classname="backend.tests.test_iter15_deploy_hardening.TestSpotCheckEndpoints" name="test_a_payments_me_qa" time="3.327" /><testcase classname="backend.tests.test_iter15_deploy_hardening.TestSpotCheckEndpoints" name="test_b_checkout_full_monthly" time="2.122" /><testcase classname="backend.tests.test_iter15_deploy_hardening.TestSpotCheckEndpoints" name="test_c_opportunity_proposal_402" time="2.566" /><testcase classname="backend.tests.test_iter15_deploy_hardening.TestSpotCheckEndpoints" name="test_d_refund_request_ok" time="2.963" /><testcase classname="backend.tests.test_iter15_deploy_hardening.TestSpotCheckEndpoints" name="test_e_export_zip_no_password_hash" time="9.191" /><testcase classname="backend.tests.test_iter15_deploy_hardening.TestSpotCheckEndpoints" name="test_f_ai_chat_402" time="2.182" /><testcase classname="backend.tests.test_iter15_deploy_hardening.TestAnonRoutes" name="test_login_endpoint_reachable_wrong_creds" time="0.687" /><testcase classname="backend.tests.test_iter15_deploy_hardening.TestAnonRoutes" name="test_public_pricing_endpoint_reachable" time="2.893" /></testsuite></testsuites>