<?xml version="1.0" encoding="utf-8"?><testsuites name="pytest tests"><testsuite name="pytest" errors="0" failures="0" skipped="0" tests="7" time="46.640" timestamp="2026-07-11T11:03:36.809459+00:00" hostname="agent-env-8d626961-5fb0-4ff9-bfac-7fe303cdef56"><testcase classname="tests.test_ai_engines" name="test_health" time="0.346" /><testcase classname="tests.test_ai_engines" name="test_login_regression" time="5.834" /><testcase classname="tests.test_ai_engines" name="test_ai_options_shape" time="3.882" /><testcase classname="tests.test_ai_engines" name="test_save_emergent_key_and_configured_flip" time="6.731" /><testcase classname="tests.test_ai_engines" name="test_emergent_verify_live" time="18.250" /><testcase classname="tests.test_ai_engines" name="test_openai_verify_no_key_returns_openai_error" time="5.514" /><testcase classname="tests.test_ai_engines" name="test_zz_cleanup_test_opportunity" time="6.050" /></testsuite></testsuites>