<?xml version="1.0" encoding="utf-8"?><testsuites name="pytest tests"><testsuite name="pytest" errors="0" failures="0" skipped="0" tests="19" time="43.922" timestamp="2026-07-18T16:46:18.257540+00:00" hostname="agent-env-8d626961-5fb0-4ff9-bfac-7fe303cdef56"><testcase classname="backend.tests.test_iter14_pricing_gating.TestNewPricingCheckout" name="test_checkout_creates_url[oi_monthly]" time="3.271" /><testcase classname="backend.tests.test_iter14_pricing_gating.TestNewPricingCheckout" name="test_checkout_creates_url[full_monthly]" time="2.088" /><testcase classname="backend.tests.test_iter14_pricing_gating.TestNewPricingCheckout" name="test_checkout_creates_url[oi_yearly]" time="1.897" /><testcase classname="backend.tests.test_iter14_pricing_gating.TestNewPricingCheckout" name="test_checkout_creates_url[full_yearly]" time="1.929" /><testcase classname="backend.tests.test_iter14_pricing_gating.TestStripePriceCatalog" name="test_price_unit_amount[oi_monthly-4999]" time="0.391" /><testcase classname="backend.tests.test_iter14_pricing_gating.TestStripePriceCatalog" name="test_price_unit_amount[full_monthly-9999]" time="0.236" /><testcase classname="backend.tests.test_iter14_pricing_gating.TestStripePriceCatalog" name="test_price_unit_amount[oi_yearly-47990]" time="0.231" /><testcase classname="backend.tests.test_iter14_pricing_gating.TestStripePriceCatalog" name="test_price_unit_amount[full_yearly-287971]" time="0.228" /><testcase classname="backend.tests.test_iter14_pricing_gating.TestTierGatingFiles" name="test_list_files_gated" time="2.174" /><testcase classname="backend.tests.test_iter14_pricing_gating.TestTierGatingFiles" name="test_upload_file_gated" time="2.261" /><testcase classname="backend.tests.test_iter14_pricing_gating.TestTierGatingFiles" name="test_download_url_gated_before_404" time="2.179" /><testcase classname="backend.tests.test_iter14_pricing_gating.TestTierGatingAIChat" name="test_ai_chat_gated" time="2.179" /><testcase classname="backend.tests.test_iter14_pricing_gating.TestRegressionEndpoints" name="test_opportunities_list_free_ok" time="3.104" /><testcase classname="backend.tests.test_iter14_pricing_gating.TestRegressionEndpoints" name="test_venture_docs_investor_scan_kind_ok" time="2.183" /><testcase classname="backend.tests.test_iter14_pricing_gating.TestRegressionEndpoints" name="test_venture_docs_restricted_still_gated[pitch_deck]" time="2.168" /><testcase classname="backend.tests.test_iter14_pricing_gating.TestRegressionEndpoints" name="test_venture_docs_restricted_still_gated[business_plan]" time="2.170" /><testcase classname="backend.tests.test_iter14_pricing_gating.TestRegressionEndpoints" name="test_venture_docs_restricted_still_gated[accelerator_application]" time="2.172" /><testcase classname="backend.tests.test_iter14_pricing_gating.TestRegressionEndpoints" name="test_refund_request_still_200" time="2.182" /><testcase classname="backend.tests.test_iter14_pricing_gating.TestRegressionEndpoints" name="test_export_zip_no_password_hash" time="10.843" /></testsuite></testsuites>