<?xml version="1.0" encoding="utf-8"?><testsuites name="pytest tests"><testsuite name="pytest" errors="0" failures="0" skipped="0" tests="6" time="17.478" timestamp="2026-07-18T16:11:58.877409+00:00" hostname="agent-env-8d626961-5fb0-4ff9-bfac-7fe303cdef56"><testcase classname="tests.test_iter13_regression.TestRefundNoMore500" name="test_submit_refund_regression" time="3.106" /><testcase classname="tests.test_iter13_regression.TestRefundNoMore500" name="test_pending_contains_the_row" time="1.111" /><testcase classname="tests.test_iter13_regression.TestRefundNoMore500" name="test_deny_no_more_500" time="1.649" /><testcase classname="tests.test_iter13_regression.TestRefundNoMore500" name="test_denied_list_has_decidedAt" time="1.107" /><testcase classname="tests.test_iter13_regression.TestRefundNoMore500" name="test_approve_fake_id_returns_404_not_500" time="1.118" /><testcase classname="tests.test_iter13_regression.TestExportRedaction" name="test_export_zip_redacts_password_hash" time="9.364" /></testsuite></testsuites>