<?xml version="1.0" encoding="utf-8"?><testsuites name="pytest tests"><testsuite name="pytest" errors="0" failures="0" skipped="0" tests="23" time="61.949" timestamp="2026-07-18T16:47:11.464631+00:00" hostname="agent-env-8d626961-5fb0-4ff9-bfac-7fe303cdef56"><testcase classname="backend.tests.test_phase2_billing.TestPaymentsMe" name="test_me_returns_free_tier_platform_owner" time="2.156" /><testcase classname="backend.tests.test_phase2_billing.TestCheckout" name="test_checkout_full_monthly" time="1.894" /><testcase classname="backend.tests.test_phase2_billing.TestCheckout" name="test_checkout_oi_yearly" time="1.793" /><testcase classname="backend.tests.test_phase2_billing.TestCheckout" name="test_checkout_invalid_lookup_key" time="0.799" /><testcase classname="backend.tests.test_phase2_billing.TestPortal" name="test_portal_without_subscription" time="1.427" /><testcase classname="backend.tests.test_phase2_billing.TestTierGating" name="test_proposals_create_gated" time="5.103" /><testcase classname="backend.tests.test_phase2_billing.TestTierGating" name="test_venture_docs_restricted_kinds_gated[pitch_deck]" time="2.180" /><testcase classname="backend.tests.test_phase2_billing.TestTierGating" name="test_venture_docs_restricted_kinds_gated[business_plan]" time="2.182" /><testcase classname="backend.tests.test_phase2_billing.TestTierGating" name="test_venture_docs_restricted_kinds_gated[accelerator_application]" time="2.173" /><testcase classname="backend.tests.test_phase2_billing.TestTierGating" name="test_venture_docs_investor_scan_allowed_free" time="5.980" /><testcase classname="backend.tests.test_phase2_billing.TestTierGating" name="test_venture_from_program_gated" time="2.192" /><testcase classname="backend.tests.test_phase2_billing.TestRefunds" name="test_submit_refund_request" time="2.193" /><testcase classname="backend.tests.test_phase2_billing.TestRefunds" name="test_list_pending_as_owner" time="1.105" /><testcase classname="backend.tests.test_phase2_billing.TestRefunds" name="test_list_forbidden_for_non_owner" time="1.363" /><testcase classname="backend.tests.test_phase2_billing.TestRefunds" name="test_deny_refund_and_appears_in_denied" time="2.754" /><testcase classname="backend.tests.test_phase2_billing.TestExport" name="test_export_zip_shape" time="8.974" /><testcase classname="backend.tests.test_phase2_billing.TestWebhookSignature" name="test_invalid_signature_returns_400" time="0.101" /><testcase classname="backend.tests.test_iter13_regression.TestRefundNoMore500" name="test_submit_refund_regression" time="2.909" /><testcase classname="backend.tests.test_iter13_regression.TestRefundNoMore500" name="test_pending_contains_the_row" time="1.109" /><testcase classname="backend.tests.test_iter13_regression.TestRefundNoMore500" name="test_deny_no_more_500" time="1.803" /><testcase classname="backend.tests.test_iter13_regression.TestRefundNoMore500" name="test_denied_list_has_decidedAt" time="1.104" /><testcase classname="backend.tests.test_iter13_regression.TestRefundNoMore500" name="test_approve_fake_id_returns_404_not_500" time="1.104" /><testcase classname="backend.tests.test_iter13_regression.TestExportRedaction" name="test_export_zip_redacts_password_hash" time="9.520" /></testsuite></testsuites>