<?xml version="1.0" encoding="utf-8"?><testsuites name="pytest tests"><testsuite name="pytest" errors="0" failures="1" skipped="0" tests="4" time="8.394" timestamp="2026-07-18T19:45:18.137216+00:00" hostname="agent-env-8d626961-5fb0-4ff9-bfac-7fe303cdef56"><testcase classname="backend.tests.test_iter17_content_suggest.TestHealth" name="test_health_boot_state" time="0.297" /><testcase classname="backend.tests.test_iter17_content_suggest.TestCheckoutSmoke" name="test_oi_yearly_checkout_returns_stripe_url" time="3.715" /><testcase classname="backend.tests.test_iter17_content_suggest.TestCustomerSuggestTierGate" name="test_suggest_returns_402_for_free_tier" time="2.181" /><testcase classname="backend.tests.test_iter17_content_suggest.TestCustomerCheckTierGate" name="test_check_returns_402_for_free_tier" time="2.165"><failure message="AssertionError: expected 402 got 404: {&quot;detail&quot;:&quot;Proposal not found&quot;}&#10;assert 404 == 402&#10; +  where 404 = &lt;Response [404]&gt;.status_code">backend/tests/test_iter17_content_suggest.py:87: in test_check_returns_402_for_free_tier
    assert r.status_code == 402, f"expected 402 got {r.status_code}: {r.text}"
E   AssertionError: expected 402 got 404: {"detail":"Proposal not found"}
E   assert 404 == 402
E    +  where 404 = &lt;Response [404]&gt;.status_code</failure></testcase></testsuite></testsuites>