<?xml version="1.0" encoding="utf-8"?><testsuites name="pytest tests"><testsuite name="pytest" errors="0" failures="0" skipped="0" tests="17" time="44.665" timestamp="2026-07-18T16:10:26.214858+00:00" hostname="agent-env-8d626961-5fb0-4ff9-bfac-7fe303cdef56"><testcase classname="tests.test_phase2_billing.TestPaymentsMe" name="test_me_returns_free_tier_platform_owner" time="2.314" /><testcase classname="tests.test_phase2_billing.TestCheckout" name="test_checkout_full_monthly" time="2.132" /><testcase classname="tests.test_phase2_billing.TestCheckout" name="test_checkout_oi_yearly" time="1.876" /><testcase classname="tests.test_phase2_billing.TestCheckout" name="test_checkout_invalid_lookup_key" time="1.035" /><testcase classname="tests.test_phase2_billing.TestPortal" name="test_portal_without_subscription" time="1.304" /><testcase classname="tests.test_phase2_billing.TestTierGating" name="test_proposals_create_gated" time="5.080" /><testcase classname="tests.test_phase2_billing.TestTierGating" name="test_venture_docs_restricted_kinds_gated[pitch_deck]" time="2.182" /><testcase classname="tests.test_phase2_billing.TestTierGating" name="test_venture_docs_restricted_kinds_gated[business_plan]" time="2.168" /><testcase classname="tests.test_phase2_billing.TestTierGating" name="test_venture_docs_restricted_kinds_gated[accelerator_application]" time="2.176" /><testcase classname="tests.test_phase2_billing.TestTierGating" name="test_venture_docs_investor_scan_allowed_free" time="5.961" /><testcase classname="tests.test_phase2_billing.TestTierGating" name="test_venture_from_program_gated" time="2.176" /><testcase classname="tests.test_phase2_billing.TestRefunds" name="test_submit_refund_request" time="2.185" /><testcase classname="tests.test_phase2_billing.TestRefunds" name="test_list_pending_as_owner" time="1.105" /><testcase classname="tests.test_phase2_billing.TestRefunds" name="test_list_forbidden_for_non_owner" time="1.752" /><testcase classname="tests.test_phase2_billing.TestRefunds" name="test_deny_refund_and_appears_in_denied" time="2.768" /><testcase classname="tests.test_phase2_billing.TestExport" name="test_export_zip_shape" time="8.263" /><testcase classname="tests.test_phase2_billing.TestWebhookSignature" name="test_invalid_signature_returns_400" time="0.165" /></testsuite></testsuites>