<?xml version="1.0" encoding="utf-8"?><testsuites name="pytest tests"><testsuite name="pytest" errors="0" failures="3" skipped="0" tests="17" time="44.578" timestamp="2026-07-18T16:03:29.734714+00:00" hostname="agent-env-8d626961-5fb0-4ff9-bfac-7fe303cdef56"><testcase classname="tests.test_phase2_billing.TestPaymentsMe" name="test_me_returns_free_tier_platform_owner" time="1.915" /><testcase classname="tests.test_phase2_billing.TestCheckout" name="test_checkout_full_monthly" time="2.087" /><testcase classname="tests.test_phase2_billing.TestCheckout" name="test_checkout_oi_yearly" time="2.047" /><testcase classname="tests.test_phase2_billing.TestCheckout" name="test_checkout_invalid_lookup_key" time="0.832" /><testcase classname="tests.test_phase2_billing.TestPortal" name="test_portal_without_subscription" time="1.185" /><testcase classname="tests.test_phase2_billing.TestTierGating" name="test_proposals_create_gated" time="5.461" /><testcase classname="tests.test_phase2_billing.TestTierGating" name="test_venture_docs_restricted_kinds_gated[pitch_deck]" time="2.334" /><testcase classname="tests.test_phase2_billing.TestTierGating" name="test_venture_docs_restricted_kinds_gated[business_plan]" time="2.340" /><testcase classname="tests.test_phase2_billing.TestTierGating" name="test_venture_docs_restricted_kinds_gated[accelerator_application]" time="2.350" /><testcase classname="tests.test_phase2_billing.TestTierGating" name="test_venture_docs_investor_scan_allowed_free" time="6.605" /><testcase classname="tests.test_phase2_billing.TestTierGating" name="test_venture_from_program_gated" time="2.552" /><testcase classname="tests.test_phase2_billing.TestRefunds" name="test_submit_refund_request" time="2.930"><failure message="AssertionError: Internal Server Error&#10;assert 500 == 200&#10; +  where 500 = &lt;Response [500]&gt;.status_code">E   AssertionError: Internal Server Error
    assert 500 == 200
     +  where 500 = &lt;Response [500]&gt;.status_code</failure></testcase><testcase classname="tests.test_phase2_billing.TestRefunds" name="test_list_pending_as_owner" time="1.181"><failure message="AssertionError: submitted refund None not in pending list&#10;assert False&#10; +  where False = any(&lt;generator object TestRefunds.test_list_pending_as_owner.&lt;locals&gt;.&lt;genexpr&gt; at 0xfa6a93b37440&gt;)">E   AssertionError: submitted refund None not in pending list
    assert False
     +  where False = any(&lt;generator object TestRefunds.test_list_pending_as_owner.&lt;locals&gt;.&lt;genexpr&gt; at 0xfa6a93b37440&gt;)</failure></testcase><testcase classname="tests.test_phase2_billing.TestRefunds" name="test_list_forbidden_for_non_owner" time="1.758" /><testcase classname="tests.test_phase2_billing.TestRefunds" name="test_deny_refund_and_appears_in_denied" time="0.000"><failure message="AssertionError: no refund id from earlier test&#10;assert None&#10; +  where None = TestRefunds._req_id">E   AssertionError: no refund id from earlier test
    assert None
     +  where None = TestRefunds._req_id</failure></testcase><testcase classname="tests.test_phase2_billing.TestExport" name="test_export_zip_shape" time="8.850" /><testcase classname="tests.test_phase2_billing.TestWebhookSignature" name="test_invalid_signature_returns_400" time="0.126" /></testsuite></testsuites>