<?xml version="1.0" encoding="utf-8"?><testsuites name="pytest tests"><testsuite name="pytest" errors="0" failures="0" skipped="0" tests="28" time="4.802" timestamp="2026-06-06T09:31:22.538477+00:00" hostname="agent-env-8d626961-5fb0-4ff9-bfac-7fe303cdef56"><testcase classname="backend.tests.test_backend.TestHealth" name="test_health" time="0.334" /><testcase classname="backend.tests.test_backend.TestAuth" name="test_login_admin" time="0.418" /><testcase classname="backend.tests.test_backend.TestAuth" name="test_login_bad_password" time="0.292" /><testcase classname="backend.tests.test_backend.TestAuth" name="test_me_unauthenticated" time="0.112" /><testcase classname="backend.tests.test_backend.TestAuth" name="test_me_authenticated" time="0.062" /><testcase classname="backend.tests.test_backend.TestAuth" name="test_register_returns_verify_url" time="0.307" /><testcase classname="backend.tests.test_backend.TestAuth" name="test_forgot_then_reset_password" time="1.038" /><testcase classname="backend.tests.test_backend.TestAuth" name="test_verify_email" time="0.406" /><testcase classname="backend.tests.test_backend.TestOrgs" name="test_list_orgs" time="0.036" /><testcase classname="backend.tests.test_backend.TestOrgs" name="test_get_org_profile" time="0.038" /><testcase classname="backend.tests.test_backend.TestOpportunities" name="test_list_seeded" time="0.042" /><testcase classname="backend.tests.test_backend.TestOpportunities" name="test_editor_can_crud" time="0.553" /><testcase classname="backend.tests.test_backend.TestOpportunities" name="test_verify_refresh_mock" time="0.051" /><testcase classname="backend.tests.test_backend.TestOpportunities" name="test_pull_sam_grants_mock" time="0.041" /><testcase classname="backend.tests.test_backend.TestRBAC" name="test_viewer_blocked_from_create_opp" time="0.363" /><testcase classname="backend.tests.test_backend.TestRBAC" name="test_viewer_blocked_from_verify" time="0.031" /><testcase classname="backend.tests.test_backend.TestRBAC" name="test_viewer_blocked_from_pull" time="0.030" /><testcase classname="backend.tests.test_backend.TestRBAC" name="test_viewer_blocked_from_members" time="0.030" /><testcase classname="backend.tests.test_backend.TestRBAC" name="test_viewer_blocked_from_secrets" time="0.027" /><testcase classname="backend.tests.test_backend.TestRBAC" name="test_viewer_can_read_opps" time="0.032" /><testcase classname="backend.tests.test_backend.TestRBAC" name="test_editor_blocked_from_members" time="0.035" /><testcase classname="backend.tests.test_backend.TestRBAC" name="test_editor_blocked_from_secrets" time="0.033" /><testcase classname="backend.tests.test_backend.TestRBAC" name="test_editor_blocked_from_org_update" time="0.037" /><testcase classname="backend.tests.test_backend.TestMembers" name="test_list_members" time="0.034" /><testcase classname="backend.tests.test_backend.TestMembers" name="test_invite_change_role_remove" time="0.118" /><testcase classname="backend.tests.test_backend.TestMembers" name="test_audit_log" time="0.032" /><testcase classname="backend.tests.test_backend.TestSecrets" name="test_save_and_mask" time="0.066" /><testcase classname="backend.tests.test_backend.TestProfileEligibility" name="test_update_profile_changes_eligibility" time="0.177" /></testsuite></testsuites>